<?xml version="1.0" encoding="UTF-8"?>
<!-- Generated by org.testng.reporters.JUnitXMLReporter -->
<testsuite hostname="Youngs-MacBook-Pro.local" name="TestDebug" tests="2" failures="1" timestamp="10 Sep 2016 03:49:17 GMT" time="18.579" errors="0">
  <testcase name="webViewTest" time="0.248" classname="main.java.com.dbyl.appiumCore.tests.AppWebView">
    <failure type="io.appium.java_client.NoSuchContextException" message="No such context found. (WARNING: The server did not provide any stacktrace information)
Command duration or timeout: 104 milliseconds
Build info: version: &amp;apos;2.53.1&amp;apos;, revision: &amp;apos;a36b8b1&amp;apos;, time: &amp;apos;2016-06-30 17:37:03&amp;apos;
System info: host: &amp;apos;Youngs-MacBook-Pro.local&amp;apos;, ip: &amp;apos;192.168.1.109&amp;apos;, os.name: &amp;apos;Mac OS X&amp;apos;, os.arch: &amp;apos;x86_64&amp;apos;, os.version: &amp;apos;10.11.6&amp;apos;, java.version: &amp;apos;1.8.0_92&amp;apos;
Driver info: io.appium.java_client.android.AndroidDriver
Capabilities [{app=/Volumes/Transcend/Document/workspace/appiumDemo/apps/webview.apk, appPackage=com.testerhome.webview, networkConnectionEnabled=true, noSign=true, warnings={}, databaseEnabled=false, deviceName=192.168.58.102:5555, platform=LINUX, deviceUDID=192.168.58.102:5555, appActivity=.MainActivity, desired={app=/Volumes/Transcend/Document/workspace/appiumDemo/apps/webview.apk, appPackage=com.testerhome.webview, appActivity=.MainActivity, noSign=true, platformVersion=6.0, automationName=Appium, browserName=, platformName=Android, deviceName=Android Emulator}, platformVersion=6.0, webStorageEnabled=false, locationContextEnabled=false, automationName=Appium, takesScreenshot=true, browserName=, javascriptEnabled=true, platformName=Android}]
Session ID: 5b2e1a2f-35f3-437f-a55f-660a041c5d4e">
      <![CDATA[io.appium.java_client.NoSuchContextException: No such context found. (WARNING: The server did not provide any stacktrace information)
Command duration or timeout: 104 milliseconds
Build info: version: '2.53.1', revision: 'a36b8b1', time: '2016-06-30 17:37:03'
System info: host: 'Youngs-MacBook-Pro.local', ip: '192.168.1.109', os.name: 'Mac OS X', os.arch: 'x86_64', os.version: '10.11.6', java.version: '1.8.0_92'
Driver info: io.appium.java_client.android.AndroidDriver
Capabilities [{app=/Volumes/Transcend/Document/workspace/appiumDemo/apps/webview.apk, appPackage=com.testerhome.webview, networkConnectionEnabled=true, noSign=true, warnings={}, databaseEnabled=false, deviceName=192.168.58.102:5555, platform=LINUX, deviceUDID=192.168.58.102:5555, appActivity=.MainActivity, desired={app=/Volumes/Transcend/Document/workspace/appiumDemo/apps/webview.apk, appPackage=com.testerhome.webview, appActivity=.MainActivity, noSign=true, platformVersion=6.0, automationName=Appium, browserName=, platformName=Android, deviceName=Android Emulator}, platformVersion=6.0, webStorageEnabled=false, locationContextEnabled=false, automationName=Appium, takesScreenshot=true, browserName=, javascriptEnabled=true, platformName=Android}]
Session ID: 5b2e1a2f-35f3-437f-a55f-660a041c5d4e
	at sun.reflect.NativeConstructorAccessorImpl.newInstance0(Native Method)
	at sun.reflect.NativeConstructorAccessorImpl.newInstance(NativeConstructorAccessorImpl.java:62)
	at sun.reflect.DelegatingConstructorAccessorImpl.newInstance(DelegatingConstructorAccessorImpl.java:45)
	at java.lang.reflect.Constructor.newInstance(Constructor.java:423)
	at org.openqa.selenium.remote.ErrorHandler.createThrowable(ErrorHandler.java:206)
	at org.openqa.selenium.remote.ErrorHandler.throwIfResponseFailed(ErrorHandler.java:158)
	at org.openqa.selenium.remote.RemoteWebDriver.execute(RemoteWebDriver.java:678)
	at io.appium.java_client.DefaultGenericMobileDriver.execute(DefaultGenericMobileDriver.java:40)
	at io.appium.java_client.AppiumDriver.execute(AppiumDriver.java:1)
	at io.appium.java_client.android.AndroidDriver.execute(AndroidDriver.java:1)
	at io.appium.java_client.AppiumDriver.context(AppiumDriver.java:557)
	at main.java.com.dbyl.appiumCore.tests.AppWebView.webViewTest(AppWebView.java:76)
	at sun.reflect.NativeMethodAccessorImpl.invoke0(Native Method)
	at sun.reflect.NativeMethodAccessorImpl.invoke(NativeMethodAccessorImpl.java:62)
	at sun.reflect.DelegatingMethodAccessorImpl.invoke(DelegatingMethodAccessorImpl.java:43)
	at java.lang.reflect.Method.invoke(Method.java:498)
	at org.testng.internal.MethodInvocationHelper.invokeMethod(MethodInvocationHelper.java:100)
	at org.testng.internal.Invoker.invokeMethod(Invoker.java:646)
	at org.testng.internal.Invoker.invokeTestMethod(Invoker.java:811)
	at org.testng.internal.Invoker.invokeTestMethods(Invoker.java:1129)
	at org.testng.internal.TestMethodWorker.invokeTestMethods(TestMethodWorker.java:129)
	at org.testng.internal.TestMethodWorker.run(TestMethodWorker.java:112)
	at java.util.concurrent.ThreadPoolExecutor.runWorker(ThreadPoolExecutor.java:1142)
	at java.util.concurrent.ThreadPoolExecutor$Worker.run(ThreadPoolExecutor.java:617)
	at java.lang.Thread.run(Thread.java:812)
]]>
    </failure>
  </testcase> <!-- webViewTest -->
  <testcase name="swipeTest" time="2.129" classname="main.java.com.dbyl.appiumCore.tests.AppDemo"/>
</testsuite> <!-- TestDebug -->
