<?xml version="1.0" encoding="UTF-8"?>
<testsuite name="Default test"
           tests="3"
           failures="1"
           errors="0"
           skipped="2"
           time="0.840">
  <properties />
            <testcase name="setUpDriver" time="0.840" classname="main.java.com.dbyl.appiumCore.tests.iOSBrowser">
                <failure type="org.openqa.selenium.WebDriverException"
                  message="Unable to parse remote response: The URL &apos;/session&apos; did not map to a valid resource
Build info: version: &apos;3.5.3&apos;, revision: &apos;a88d25fe6b&apos;, time: &apos;2017-08-29T12:42:44.417Z&apos;
System info: host: &apos;Youngs-MacBook-Pro.local&apos;, ip: &apos;fe80:0:0:0:1453:75e2:2acb:512f%en0&apos;, os.name: &apos;Mac OS X&apos;, os.arch: &apos;x86_64&apos;, os.version: &apos;10.12.6&apos;, java.version: &apos;1.8.0_121&apos;
Driver info: driver.version: IOSDriver"
              >
<![CDATA[org.openqa.selenium.WebDriverException: Unable to parse remote response: The URL '/session' did not map to a valid resource
Build info: version: '3.5.3', revision: 'a88d25fe6b', time: '2017-08-29T12:42:44.417Z'
System info: host: 'Youngs-MacBook-Pro.local', ip: 'fe80:0:0:0:1453:75e2:2acb:512f%en0', os.name: 'Mac OS X', os.arch: 'x86_64', os.version: '10.12.6', java.version: '1.8.0_121'
Driver info: driver.version: IOSDriver
  org.openqa.selenium.remote.ProtocolHandshake.createSession(ProtocolHandshake.java:347)
  org.openqa.selenium.remote.ProtocolHandshake.createSession(ProtocolHandshake.java:136)
  org.openqa.selenium.remote.HttpCommandExecutor.execute(HttpCommandExecutor.java:142)
  io.appium.java_client.remote.AppiumCommandExecutor.execute(AppiumCommandExecutor.java:89)
  org.openqa.selenium.remote.RemoteWebDriver.execute(RemoteWebDriver.java:646)
  io.appium.java_client.DefaultGenericMobileDriver.execute(DefaultGenericMobileDriver.java:42)
  io.appium.java_client.AppiumDriver.execute(AppiumDriver.java:1)
  io.appium.java_client.ios.IOSDriver.execute(IOSDriver.java:1)
  org.openqa.selenium.remote.RemoteWebDriver.startSession(RemoteWebDriver.java:255)
  org.openqa.selenium.remote.RemoteWebDriver.startSession(RemoteWebDriver.java:237)
  org.openqa.selenium.remote.RemoteWebDriver.<init>(RemoteWebDriver.java:138)
  io.appium.java_client.DefaultGenericMobileDriver.<init>(DefaultGenericMobileDriver.java:38)
  io.appium.java_client.AppiumDriver.<init>(AppiumDriver.java:87)
  io.appium.java_client.AppiumDriver.<init>(AppiumDriver.java:111)
  io.appium.java_client.ios.IOSDriver.<init>(IOSDriver.java:78)
  main.java.com.dbyl.appiumCore.tests.iOSBrowser.setUpDriver(iOSBrowser.java:52)
  sun.reflect.NativeMethodAccessorImpl.invoke0(Native Method)
  sun.reflect.NativeMethodAccessorImpl.invoke(NativeMethodAccessorImpl.java:62)
  sun.reflect.DelegatingMethodAccessorImpl.invoke(DelegatingMethodAccessorImpl.java:43)
  java.lang.reflect.Method.invoke(Method.java:498)
  org.testng.internal.MethodInvocationHelper.invokeMethod(MethodInvocationHelper.java:108)
  org.testng.internal.Invoker.invokeConfigurationMethod(Invoker.java:523)
  org.testng.internal.Invoker.invokeConfigurations(Invoker.java:224)
  org.testng.internal.Invoker.invokeMethod(Invoker.java:599)
  org.testng.internal.Invoker.invokeTestMethod(Invoker.java:869)
  org.testng.internal.Invoker.invokeTestMethods(Invoker.java:1193)
  org.testng.internal.TestMethodWorker.invokeTestMethods(TestMethodWorker.java:125)
  org.testng.internal.TestMethodWorker.run(TestMethodWorker.java:110)
  org.testng.TestRunner.privateRun(TestRunner.java:746)
  org.testng.TestRunner.run(TestRunner.java:604)
  org.testng.SuiteRunner.runTest(SuiteRunner.java:380)
  org.testng.SuiteRunner.runSequentially(SuiteRunner.java:375)
  org.testng.SuiteRunner.privateRun(SuiteRunner.java:340)
  org.testng.SuiteRunner.run(SuiteRunner.java:289)
  org.testng.SuiteRunnerWorker.runSuite(SuiteRunnerWorker.java:52)
  org.testng.SuiteRunnerWorker.run(SuiteRunnerWorker.java:86)
  org.testng.TestNG.runSuitesSequentially(TestNG.java:1314)
  org.testng.TestNG.runSuitesLocally(TestNG.java:1239)
  org.testng.TestNG.runSuites(TestNG.java:1157)
  org.testng.TestNG.run(TestNG.java:1128)
  org.testng.remote.AbstractRemoteTestNG.run(AbstractRemoteTestNG.java:114)
  org.testng.remote.RemoteTestNG.initAndRun(RemoteTestNG.java:230)
  org.testng.remote.RemoteTestNG.main(RemoteTestNG.java:76)
]]>
      </failure>

          </testcase>
  
            <testcase name="afterTest" time="0.0" classname="main.java.com.dbyl.appiumCore.tests.iOSBrowser">
          <skipped />
    </testcase>
            <testcase name="iOSTest" time="0.0" classname="main.java.com.dbyl.appiumCore.tests.iOSBrowser">
          <skipped />
    </testcase>
  
  
</testsuite>
