<?xml version="1.0" encoding="UTF-8"?>
<testsuite name="Default test"
           tests="3"
           failures="2"
           errors="0"
           skipped="1"
           time="0.631">
  <properties />
            <testcase name="setUp" time="0.583" classname="main.java.com.dbyl.appiumCore.tests.PureWebDriver">
                <failure type="java.lang.NullPointerException"
                  message="(null)"
              >
<![CDATA[java.lang.NullPointerException
  com.google.common.base.Preconditions.checkNotNull(Preconditions.java:192)
  io.appium.java_client.remote.AppiumCommandExecutor.<init>(AppiumCommandExecutor.java:63)
  io.appium.java_client.remote.AppiumCommandExecutor.<init>(AppiumCommandExecutor.java:69)
  io.appium.java_client.AppiumDriver.<init>(AppiumDriver.java:110)
  io.appium.java_client.android.AndroidDriver.<init>(AndroidDriver.java:72)
  main.java.com.dbyl.appiumCore.tests.PureWebDriver.setUp(PureWebDriver.java:45)
  sun.reflect.NativeMethodAccessorImpl.invoke0(Native Method)
  sun.reflect.NativeMethodAccessorImpl.invoke(NativeMethodAccessorImpl.java:62)
  sun.reflect.DelegatingMethodAccessorImpl.invoke(DelegatingMethodAccessorImpl.java:43)
  java.lang.reflect.Method.invoke(Method.java:498)
  org.testng.internal.MethodInvocationHelper.invokeMethod(MethodInvocationHelper.java:108)
  org.testng.internal.Invoker.invokeConfigurationMethod(Invoker.java:523)
  org.testng.internal.Invoker.invokeConfigurations(Invoker.java:224)
  org.testng.internal.Invoker.invokeMethod(Invoker.java:599)
  org.testng.internal.Invoker.invokeTestMethod(Invoker.java:869)
  org.testng.internal.Invoker.invokeTestMethods(Invoker.java:1193)
  org.testng.internal.TestMethodWorker.invokeTestMethods(TestMethodWorker.java:125)
  org.testng.internal.TestMethodWorker.run(TestMethodWorker.java:110)
  org.testng.TestRunner.privateRun(TestRunner.java:746)
  org.testng.TestRunner.run(TestRunner.java:604)
  org.testng.SuiteRunner.runTest(SuiteRunner.java:380)
  org.testng.SuiteRunner.runSequentially(SuiteRunner.java:375)
  org.testng.SuiteRunner.privateRun(SuiteRunner.java:340)
  org.testng.SuiteRunner.run(SuiteRunner.java:289)
  org.testng.SuiteRunnerWorker.runSuite(SuiteRunnerWorker.java:52)
  org.testng.SuiteRunnerWorker.run(SuiteRunnerWorker.java:86)
  org.testng.TestNG.runSuitesSequentially(TestNG.java:1314)
  org.testng.TestNG.runSuitesLocally(TestNG.java:1239)
  org.testng.TestNG.runSuites(TestNG.java:1157)
  org.testng.TestNG.run(TestNG.java:1128)
  org.testng.remote.AbstractRemoteTestNG.run(AbstractRemoteTestNG.java:114)
  org.testng.remote.RemoteTestNG.initAndRun(RemoteTestNG.java:230)
  org.testng.remote.RemoteTestNG.main(RemoteTestNG.java:76)
]]>
      </failure>

          </testcase>
            <testcase name="startAppiumServer" time="0.047" classname="main.java.com.dbyl.appiumCore.tests.PureWebDriver">
                <failure type="java.lang.NoSuchMethodError"
                  message="com.google.common.base.Preconditions.checkArgument(ZLjava/lang/String;I)V"
              >
<![CDATA[java.lang.NoSuchMethodError: com.google.common.base.Preconditions.checkArgument(ZLjava/lang/String;I)V
  org.openqa.selenium.remote.service.DriverService$Builder.usingPort(DriverService.java:268)
  io.appium.java_client.service.local.AppiumServiceBuilder.usingPort(AppiumServiceBuilder.java:455)
  io.appium.java_client.service.local.AppiumServiceBuilder.<init>(AppiumServiceBuilder.java:95)
  main.java.com.dbyl.appiumServer.AppiumServerUtils.startServer(AppiumServerUtils.java:86)
  main.java.com.dbyl.appiumCore.tests.PureWebDriver.startAppiumServer(PureWebDriver.java:34)
  sun.reflect.NativeMethodAccessorImpl.invoke0(Native Method)
  sun.reflect.NativeMethodAccessorImpl.invoke(NativeMethodAccessorImpl.java:62)
  sun.reflect.DelegatingMethodAccessorImpl.invoke(DelegatingMethodAccessorImpl.java:43)
  java.lang.reflect.Method.invoke(Method.java:498)
  org.testng.internal.MethodInvocationHelper.invokeMethod(MethodInvocationHelper.java:108)
  org.testng.internal.Invoker.invokeConfigurationMethod(Invoker.java:523)
  org.testng.internal.Invoker.invokeConfigurations(Invoker.java:224)
  org.testng.internal.Invoker.invokeConfigurations(Invoker.java:146)
  org.testng.internal.TestMethodWorker.invokeBeforeClassMethods(TestMethodWorker.java:166)
  org.testng.internal.TestMethodWorker.run(TestMethodWorker.java:106)
  org.testng.TestRunner.privateRun(TestRunner.java:746)
  org.testng.TestRunner.run(TestRunner.java:604)
  org.testng.SuiteRunner.runTest(SuiteRunner.java:380)
  org.testng.SuiteRunner.runSequentially(SuiteRunner.java:375)
  org.testng.SuiteRunner.privateRun(SuiteRunner.java:340)
  org.testng.SuiteRunner.run(SuiteRunner.java:289)
  org.testng.SuiteRunnerWorker.runSuite(SuiteRunnerWorker.java:52)
  org.testng.SuiteRunnerWorker.run(SuiteRunnerWorker.java:86)
  org.testng.TestNG.runSuitesSequentially(TestNG.java:1314)
  org.testng.TestNG.runSuitesLocally(TestNG.java:1239)
  org.testng.TestNG.runSuites(TestNG.java:1157)
  org.testng.TestNG.run(TestNG.java:1128)
  org.testng.remote.AbstractRemoteTestNG.run(AbstractRemoteTestNG.java:114)
  org.testng.remote.RemoteTestNG.initAndRun(RemoteTestNG.java:230)
  org.testng.remote.RemoteTestNG.main(RemoteTestNG.java:76)
]]>
      </failure>

          </testcase>
  
            <testcase name="webDriver" time="0.0" classname="main.java.com.dbyl.appiumCore.tests.PureWebDriver">
          <skipped />
    </testcase>
  
  
</testsuite>
