<?xml version="1.0" encoding="UTF-8"?>
<testsuite name="Default test"
           tests="3"
           failures="2"
           errors="0"
           skipped="1"
           time="0.002">
  <properties />
            <testcase name="tearDown" time="0.000" classname="main.java.com.dbyl.appiumCore.tests.AppWebViewTest">
                <failure type="java.lang.NullPointerException"
                  message="while trying to invoke the method io.appium.java_client.android.AndroidDriver.quit() of a null object loaded from field main.java.com.dbyl.appiumCore.tests.AppWebViewTest.driver of an object loaded from local variable &apos;this&apos;"
              >
<![CDATA[java.lang.NullPointerException: while trying to invoke the method io.appium.java_client.android.AndroidDriver.quit() of a null object loaded from field main.java.com.dbyl.appiumCore.tests.AppWebViewTest.driver of an object loaded from local variable 'this'
  main.java.com.dbyl.appiumCore.tests.AppWebViewTest.tearDown(AppWebViewTest.java:144)
  sun.reflect.NativeMethodAccessorImpl.invoke0(Native Method)
  sun.reflect.NativeMethodAccessorImpl.invoke(NativeMethodAccessorImpl.java:62)
  sun.reflect.DelegatingMethodAccessorImpl.invoke(DelegatingMethodAccessorImpl.java:43)
  java.lang.reflect.Method.invoke(Method.java:498)
  org.testng.internal.MethodInvocationHelper.invokeMethod(MethodInvocationHelper.java:100)
  org.testng.internal.Invoker.invokeConfigurationMethod(Invoker.java:515)
  org.testng.internal.Invoker.invokeConfigurations(Invoker.java:216)
  org.testng.internal.Invoker.invokeMethod(Invoker.java:712)
  org.testng.internal.Invoker.invokeTestMethod(Invoker.java:811)
  org.testng.internal.Invoker.invokeTestMethods(Invoker.java:1129)
  org.testng.internal.TestMethodWorker.invokeTestMethods(TestMethodWorker.java:129)
  org.testng.internal.TestMethodWorker.run(TestMethodWorker.java:112)
  org.testng.TestRunner.privateRun(TestRunner.java:746)
  org.testng.TestRunner.run(TestRunner.java:600)
  org.testng.SuiteRunner.runTest(SuiteRunner.java:366)
  org.testng.SuiteRunner.runSequentially(SuiteRunner.java:361)
  org.testng.SuiteRunner.privateRun(SuiteRunner.java:319)
  org.testng.SuiteRunner.run(SuiteRunner.java:268)
  org.testng.SuiteRunnerWorker.runSuite(SuiteRunnerWorker.java:52)
  org.testng.SuiteRunnerWorker.run(SuiteRunnerWorker.java:86)
  org.testng.TestNG.runSuitesSequentially(TestNG.java:1264)
  org.testng.TestNG.runSuitesLocally(TestNG.java:1189)
  org.testng.TestNG.runSuites(TestNG.java:1104)
  org.testng.TestNG.run(TestNG.java:1076)
  org.testng.remote.AbstractRemoteTestNG.run(AbstractRemoteTestNG.java:126)
  org.testng.remote.RemoteTestNG.initAndRun(RemoteTestNG.java:152)
  org.testng.remote.RemoteTestNG.main(RemoteTestNG.java:57)
]]>
      </failure>

          </testcase>
            <testcase name="setUp" time="0.000" classname="main.java.com.dbyl.appiumCore.tests.AppWebViewTest">
                <failure type="org.openqa.selenium.SessionNotCreatedException"
                  message="Unable to create new remote session. desired capabilities = Capabilities [{app=/Volumes/Transcend/Document/workspace/appiumDemo/apps/webview.apk, appPackage=com.testerhome.webview, appActivity=.MainActivity, noSign=True, platformVersion=4.4, automationName=UIAutomator2, browserName=, unicodeKeyboard=True, platformName=Android, deviceName=Android Emulator, resetKeyboard=True}], required capabilities = Capabilities [{}]
Build info: version: &apos;3.0.1&apos;, revision: &apos;1969d75&apos;, time: &apos;2016-10-18 09:48:19 -0700&apos;
System info: host: &apos;Youngs-MacBook-Pro.local&apos;, ip: &apos;192.168.1.116&apos;, os.name: &apos;Mac OS X&apos;, os.arch: &apos;x86_64&apos;, os.version: &apos;10.12.2&apos;, java.version: &apos;1.8.0_92&apos;
Driver info: driver.version: AndroidDriver"
              >
<![CDATA[org.openqa.selenium.SessionNotCreatedException: Unable to create new remote session. desired capabilities = Capabilities [{app=/Volumes/Transcend/Document/workspace/appiumDemo/apps/webview.apk, appPackage=com.testerhome.webview, appActivity=.MainActivity, noSign=True, platformVersion=4.4, automationName=UIAutomator2, browserName=, unicodeKeyboard=True, platformName=Android, deviceName=Android Emulator, resetKeyboard=True}], required capabilities = Capabilities [{}]
Build info: version: '3.0.1', revision: '1969d75', time: '2016-10-18 09:48:19 -0700'
System info: host: 'Youngs-MacBook-Pro.local', ip: '192.168.1.116', os.name: 'Mac OS X', os.arch: 'x86_64', os.version: '10.12.2', java.version: '1.8.0_92'
Driver info: driver.version: AndroidDriver
  org.openqa.selenium.remote.ProtocolHandshake.createSession(ProtocolHandshake.java:91)
  org.openqa.selenium.remote.HttpCommandExecutor.execute(HttpCommandExecutor.java:141)
  io.appium.java_client.remote.AppiumCommandExecutor.execute(AppiumCommandExecutor.java:69)
  org.openqa.selenium.remote.RemoteWebDriver.execute(RemoteWebDriver.java:601)
  io.appium.java_client.DefaultGenericMobileDriver.execute(DefaultGenericMobileDriver.java:42)
  io.appium.java_client.AppiumDriver.execute(AppiumDriver.java:1)
  io.appium.java_client.android.AndroidDriver.execute(AndroidDriver.java:1)
  org.openqa.selenium.remote.RemoteWebDriver.startSession(RemoteWebDriver.java:241)
  org.openqa.selenium.remote.RemoteWebDriver.<init>(RemoteWebDriver.java:128)
  org.openqa.selenium.remote.RemoteWebDriver.<init>(RemoteWebDriver.java:141)
  io.appium.java_client.DefaultGenericMobileDriver.<init>(DefaultGenericMobileDriver.java:38)
  io.appium.java_client.AppiumDriver.<init>(AppiumDriver.java:83)
  io.appium.java_client.AppiumDriver.<init>(AppiumDriver.java:93)
  io.appium.java_client.android.AndroidDriver.<init>(AndroidDriver.java:72)
  main.java.com.dbyl.appiumCore.tests.AppWebViewTest.setUp(AppWebViewTest.java:71)
  sun.reflect.NativeMethodAccessorImpl.invoke0(Native Method)
  sun.reflect.NativeMethodAccessorImpl.invoke(NativeMethodAccessorImpl.java:62)
  sun.reflect.DelegatingMethodAccessorImpl.invoke(DelegatingMethodAccessorImpl.java:43)
  java.lang.reflect.Method.invoke(Method.java:498)
  org.testng.internal.MethodInvocationHelper.invokeMethod(MethodInvocationHelper.java:100)
  org.testng.internal.Invoker.invokeConfigurationMethod(Invoker.java:515)
  org.testng.internal.Invoker.invokeConfigurations(Invoker.java:216)
  org.testng.internal.Invoker.invokeMethod(Invoker.java:590)
  org.testng.internal.Invoker.invokeTestMethod(Invoker.java:811)
  org.testng.internal.Invoker.invokeTestMethods(Invoker.java:1129)
  org.testng.internal.TestMethodWorker.invokeTestMethods(TestMethodWorker.java:129)
  org.testng.internal.TestMethodWorker.run(TestMethodWorker.java:112)
  org.testng.TestRunner.privateRun(TestRunner.java:746)
  org.testng.TestRunner.run(TestRunner.java:600)
  org.testng.SuiteRunner.runTest(SuiteRunner.java:366)
  org.testng.SuiteRunner.runSequentially(SuiteRunner.java:361)
  org.testng.SuiteRunner.privateRun(SuiteRunner.java:319)
  org.testng.SuiteRunner.run(SuiteRunner.java:268)
  org.testng.SuiteRunnerWorker.runSuite(SuiteRunnerWorker.java:52)
  org.testng.SuiteRunnerWorker.run(SuiteRunnerWorker.java:86)
  org.testng.TestNG.runSuitesSequentially(TestNG.java:1264)
  org.testng.TestNG.runSuitesLocally(TestNG.java:1189)
  org.testng.TestNG.runSuites(TestNG.java:1104)
  org.testng.TestNG.run(TestNG.java:1076)
  org.testng.remote.AbstractRemoteTestNG.run(AbstractRemoteTestNG.java:126)
  org.testng.remote.RemoteTestNG.initAndRun(RemoteTestNG.java:152)
  org.testng.remote.RemoteTestNG.main(RemoteTestNG.java:57)
]]>
      </failure>

          </testcase>
  
            <testcase name="webViewTest" time="0.0" classname="main.java.com.dbyl.appiumCore.tests.AppWebViewTest">
          <skipped />
    </testcase>
  
  
</testsuite>
