<?xml version="1.0" encoding="UTF-8"?>
<testsuite name="Default test" tests="1" failures="1" errors="0"
	skipped="0" time="0.039">
	<properties />
	<testcase name="DemoTest" time="0.039"
		classname="main.java.com.dbyl.appiumCore.tests.AppDemo">
		<failure type="java.lang.NoSuchMethodError"
			message="com.google.common.base.Preconditions.checkArgument(ZLjava/lang/String;J)V">
<![CDATA[java.lang.NoSuchMethodError: com.google.common.base.Preconditions.checkArgument(ZLjava/lang/String;J)V
  io.appium.java_client.pagefactory.TimeOutDuration.setTime(TimeOutDuration.java:54)
  io.appium.java_client.pagefactory.TimeOutDuration.setTime(TimeOutDuration.java:59)
  io.appium.java_client.pagefactory.TimeOutDuration.<init>(TimeOutDuration.java:37)
  io.appium.java_client.pagefactory.AppiumFieldDecorator.<init>(AppiumFieldDecorator.java:89)
  main.java.com.dbyl.appiumCore.tests.AppDemo.DemoTest(AppDemo.java:73)
  sun.reflect.NativeMethodAccessorImpl.invoke0(Native Method)
  sun.reflect.NativeMethodAccessorImpl.invoke(NativeMethodAccessorImpl.java:62)
  sun.reflect.DelegatingMethodAccessorImpl.invoke(DelegatingMethodAccessorImpl.java:43)
  java.lang.reflect.Method.invoke(Method.java:498)
  org.testng.internal.MethodInvocationHelper.invokeMethod(MethodInvocationHelper.java:100)
  org.testng.internal.Invoker.invokeMethod(Invoker.java:646)
  org.testng.internal.Invoker.invokeTestMethod(Invoker.java:811)
  org.testng.internal.Invoker.invokeTestMethods(Invoker.java:1129)
  org.testng.internal.TestMethodWorker.invokeTestMethods(TestMethodWorker.java:129)
  org.testng.internal.TestMethodWorker.run(TestMethodWorker.java:112)
  org.testng.TestRunner.privateRun(TestRunner.java:746)
  org.testng.TestRunner.run(TestRunner.java:600)
  org.testng.SuiteRunner.runTest(SuiteRunner.java:366)
  org.testng.SuiteRunner.runSequentially(SuiteRunner.java:361)
  org.testng.SuiteRunner.privateRun(SuiteRunner.java:319)
  org.testng.SuiteRunner.run(SuiteRunner.java:268)
  org.testng.SuiteRunnerWorker.runSuite(SuiteRunnerWorker.java:52)
  org.testng.SuiteRunnerWorker.run(SuiteRunnerWorker.java:86)
  org.testng.TestNG.runSuitesSequentially(TestNG.java:1264)
  org.testng.TestNG.runSuitesLocally(TestNG.java:1189)
  org.testng.TestNG.runSuites(TestNG.java:1104)
  org.testng.TestNG.run(TestNG.java:1076)
  org.testng.remote.AbstractRemoteTestNG.run(AbstractRemoteTestNG.java:126)
  org.testng.remote.RemoteTestNG.initAndRun(RemoteTestNG.java:152)
  org.testng.remote.RemoteTestNG.main(RemoteTestNG.java:57)
]]>
		</failure>

	</testcase>



</testsuite>
