<?xml version="1.0" encoding="UTF-8"?>
<testng-results skipped="0" failed="0" total="1" passed="1">
  <reporter-output>
  </reporter-output>
  <suite name="Default suite" duration-ms="122443" started-at="2016-11-10T14:42:02Z" finished-at="2016-11-10T14:44:04Z">
    <groups>
    </groups>
    <test name="Default test" duration-ms="122443" started-at="2016-11-10T14:42:02Z" finished-at="2016-11-10T14:44:04Z">
      <class name="main.java.com.dbyl.appiumCore.tests.iOSBrowser">
        <test-method status="PASS" signature="setUpDriver()[pri:0, instance:main.java.com.dbyl.appiumCore.tests.iOSBrowser@5223e5ee]" name="setUpDriver" is-config="true" duration-ms="104404" started-at="2016-11-10T22:42:02Z" finished-at="2016-11-10T22:43:46Z">
          <reporter-output>
          </reporter-output>
        </test-method> <!-- setUpDriver -->
        <test-method status="PASS" signature="iOSTest()[pri:0, instance:main.java.com.dbyl.appiumCore.tests.iOSBrowser@5223e5ee]" name="iOSTest" duration-ms="5178" started-at="2016-11-10T22:43:46Z" finished-at="2016-11-10T22:43:51Z">
          <reporter-output>
          </reporter-output>
        </test-method> <!-- iOSTest -->
        <test-method status="PASS" signature="afterTest()[pri:0, instance:main.java.com.dbyl.appiumCore.tests.iOSBrowser@5223e5ee]" name="afterTest" is-config="true" duration-ms="12829" started-at="2016-11-10T22:43:51Z" finished-at="2016-11-10T22:44:04Z">
          <reporter-output>
          </reporter-output>
        </test-method> <!-- afterTest -->
      </class> <!-- main.java.com.dbyl.appiumCore.tests.iOSBrowser -->
    </test> <!-- Default test -->
  </suite> <!-- Default suite -->
</testng-results>
