<?xml version="1.0" encoding="UTF-8"?>
<testng-results skipped="0" failed="0" total="1" passed="1">
  <reporter-output>
  </reporter-output>
  <suite name="Default suite" duration-ms="7211" started-at="2016-03-07T15:48:22Z" finished-at="2016-03-07T15:48:29Z">
    <groups>
    </groups>
    <test name="Default test" duration-ms="7211" started-at="2016-03-07T15:48:22Z" finished-at="2016-03-07T15:48:29Z">
      <class name="main.java.com.dbyl.appiumCore.tests.AppDemo">
        <test-method status="PASS" signature="startAppiumServer()[pri:0, instance:main.java.com.dbyl.appiumCore.tests.AppDemo@167d5244]" test-instance-name="" name="startAppiumServer" is-config="true" duration-ms="243" started-at="2016-03-07T23:48:22Z" finished-at="2016-03-07T23:48:22Z">
          <reporter-output>
          </reporter-output>
        </test-method> <!-- startAppiumServer -->
        <test-method name="setUp" test-instance-name="" signature="setUp()[pri:0, instance:main.java.com.dbyl.appiumCore.tests.AppDemo@167d5244]" is-config="true" status="PASS" duration-ms="4498" finished-at="2016-03-07T23:48:27Z" started-at="2016-03-07T23:48:22Z" depends-on-methods="main.java.com.dbyl.appiumCore.tests.AppDemo.startAppiumServer">
          <reporter-output>
          </reporter-output>
        </test-method> <!-- setUp -->
        <test-method status="PASS" signature="swipeTest()[pri:0, instance:main.java.com.dbyl.appiumCore.tests.AppDemo@167d5244]" test-instance-name="" name="swipeTest" duration-ms="2086" started-at="2016-03-07T23:48:27Z" finished-at="2016-03-07T23:48:29Z">
          <reporter-output>
          </reporter-output>
        </test-method> <!-- swipeTest -->
        <test-method status="PASS" signature="tearDown()[pri:0, instance:main.java.com.dbyl.appiumCore.tests.AppDemo@167d5244]" test-instance-name="" name="tearDown" is-config="true" duration-ms="367" started-at="2016-03-07T23:48:29Z" finished-at="2016-03-07T23:48:29Z">
          <reporter-output>
          </reporter-output>
        </test-method> <!-- tearDown -->
      </class> <!-- main.java.com.dbyl.appiumCore.tests.AppDemo -->
    </test> <!-- Default test -->
  </suite> <!-- Default suite -->
</testng-results>
