<?xml version="1.0" encoding="UTF-8"?>
<testng-results skipped="2" failed="0" total="3" passed="1">
  <reporter-output>
  </reporter-output>
  <suite name="Suite" duration-ms="141592" started-at="2016-11-29T14:15:00Z" finished-at="2016-11-29T14:17:21Z">
    <groups>
      <group name="webView">
        <method signature="AppWebViewTest.webViewTest()[pri:0, instance:main.java.com.dbyl.appiumCore.tests.AppWebViewTest@42a15bdc]" name="webViewTest" class="main.java.com.dbyl.appiumCore.tests.AppWebViewTest"/>
      </group> <!-- webView -->
    </groups>
    <test name="TestDebug" duration-ms="141592" started-at="2016-11-29T14:15:00Z" finished-at="2016-11-29T14:17:21Z">
      <class name="main.java.com.dbyl.appiumCore.tests.iOSTest">
        <test-method status="PASS" signature="beforeClass()[pri:0, instance:main.java.com.dbyl.appiumCore.tests.iOSTest@2d9caaeb]" name="beforeClass" is-config="true" duration-ms="4820" started-at="2016-11-29T22:15:00Z" finished-at="2016-11-29T22:15:05Z">
          <reporter-output>
          </reporter-output>
        </test-method> <!-- beforeClass -->
        <test-method status="PASS" signature="setUp()[pri:0, instance:main.java.com.dbyl.appiumCore.tests.iOSTest@2d9caaeb]" name="setUp" is-config="true" duration-ms="111342" started-at="2016-11-29T22:15:05Z" finished-at="2016-11-29T22:16:56Z">
          <reporter-output>
          </reporter-output>
        </test-method> <!-- setUp -->
        <test-method status="PASS" signature="calc()[pri:0, instance:main.java.com.dbyl.appiumCore.tests.iOSTest@2d9caaeb]" name="calc" duration-ms="12646" started-at="2016-11-29T22:16:56Z" finished-at="2016-11-29T22:17:09Z">
          <reporter-output>
          </reporter-output>
        </test-method> <!-- calc -->
        <test-method status="PASS" signature="tearDown()[pri:0, instance:main.java.com.dbyl.appiumCore.tests.iOSTest@2d9caaeb]" name="tearDown" is-config="true" duration-ms="12766" started-at="2016-11-29T22:17:09Z" finished-at="2016-11-29T22:17:21Z">
          <reporter-output>
          </reporter-output>
        </test-method> <!-- tearDown -->
      </class> <!-- main.java.com.dbyl.appiumCore.tests.iOSTest -->
      <class name="main.java.com.dbyl.appiumCore.tests.AppDemo">
        <test-method status="PASS" signature="startAppiumServer()[pri:0, instance:main.java.com.dbyl.appiumCore.tests.AppDemo@44a59da3]" name="startAppiumServer" is-config="true" duration-ms="4770" started-at="2016-11-29T22:15:00Z" finished-at="2016-11-29T22:15:05Z">
          <reporter-output>
          </reporter-output>
        </test-method> <!-- startAppiumServer -->
        <test-method status="FAIL" signature="setUp()[pri:0, instance:main.java.com.dbyl.appiumCore.tests.AppDemo@44a59da3]" name="setUp" is-config="true" duration-ms="0" started-at="2016-11-29T22:15:05Z" depends-on-methods="main.java.com.dbyl.appiumCore.tests.AppDemo.startAppiumServer" finished-at="2016-11-29T22:15:05Z">
          <exception class="org.openqa.selenium.WebDriverException">
            <message>
              <![CDATA[An unknown server-side error occurred while processing the command. Original error: Could not find adb Please set the ANDROID_HOME environment variable with the Android SDK root directory path. (WARNING: The server did not provide any stacktrace information)
Command duration or timeout: 596 milliseconds
Build info: version: '2.53.1', revision: 'a36b8b1', time: '2016-06-30 17:37:03'
System info: host: 'Youngs-MacBook-Pro.local', ip: '192.168.1.101', os.name: 'Mac OS X', os.arch: 'x86_64', os.version: '10.12.1', java.version: '1.8.0_92'
Driver info: io.appium.java_client.android.AndroidDriver]]>
            </message>
            <full-stacktrace>
              <![CDATA[org.openqa.selenium.WebDriverException: An unknown server-side error occurred while processing the command. Original error: Could not find adb Please set the ANDROID_HOME environment variable with the Android SDK root directory path. (WARNING: The server did not provide any stacktrace information)
Command duration or timeout: 596 milliseconds
Build info: version: '2.53.1', revision: 'a36b8b1', time: '2016-06-30 17:37:03'
System info: host: 'Youngs-MacBook-Pro.local', ip: '192.168.1.101', os.name: 'Mac OS X', os.arch: 'x86_64', os.version: '10.12.1', java.version: '1.8.0_92'
Driver info: io.appium.java_client.android.AndroidDriver
	at sun.reflect.NativeConstructorAccessorImpl.newInstance0(Native Method)
	at sun.reflect.NativeConstructorAccessorImpl.newInstance(NativeConstructorAccessorImpl.java:62)
	at sun.reflect.DelegatingConstructorAccessorImpl.newInstance(DelegatingConstructorAccessorImpl.java:45)
	at java.lang.reflect.Constructor.newInstance(Constructor.java:423)
	at org.openqa.selenium.remote.ErrorHandler.createThrowable(ErrorHandler.java:206)
	at org.openqa.selenium.remote.ErrorHandler.throwIfResponseFailed(ErrorHandler.java:158)
	at org.openqa.selenium.remote.RemoteWebDriver.execute(RemoteWebDriver.java:678)
	at io.appium.java_client.DefaultGenericMobileDriver.execute(DefaultGenericMobileDriver.java:40)
	at io.appium.java_client.AppiumDriver.execute(AppiumDriver.java:1)
	at io.appium.java_client.android.AndroidDriver.execute(AndroidDriver.java:1)
	at org.openqa.selenium.remote.RemoteWebDriver.startSession(RemoteWebDriver.java:249)
	at org.openqa.selenium.remote.RemoteWebDriver.<init>(RemoteWebDriver.java:131)
	at org.openqa.selenium.remote.RemoteWebDriver.<init>(RemoteWebDriver.java:144)
	at io.appium.java_client.DefaultGenericMobileDriver.<init>(DefaultGenericMobileDriver.java:36)
	at io.appium.java_client.AppiumDriver.<init>(AppiumDriver.java:114)
	at io.appium.java_client.AppiumDriver.<init>(AppiumDriver.java:132)
	at io.appium.java_client.android.AndroidDriver.<init>(AndroidDriver.java:92)
	at main.java.com.dbyl.appiumCore.tests.AppDemo.setUp(AppDemo.java:62)
	at sun.reflect.NativeMethodAccessorImpl.invoke0(Native Method)
	at sun.reflect.NativeMethodAccessorImpl.invoke(NativeMethodAccessorImpl.java:62)
	at sun.reflect.DelegatingMethodAccessorImpl.invoke(DelegatingMethodAccessorImpl.java:43)
	at java.lang.reflect.Method.invoke(Method.java:498)
	at org.testng.internal.MethodInvocationHelper.invokeMethod(MethodInvocationHelper.java:100)
	at org.testng.internal.Invoker.invokeConfigurationMethod(Invoker.java:515)
	at org.testng.internal.Invoker.invokeConfigurations(Invoker.java:216)
	at org.testng.internal.Invoker.invokeConfigurations(Invoker.java:143)
	at org.testng.internal.TestMethodWorker.invokeBeforeClassMethods(TestMethodWorker.java:169)
	at org.testng.internal.TestMethodWorker.run(TestMethodWorker.java:108)
	at java.util.concurrent.ThreadPoolExecutor.runWorker(ThreadPoolExecutor.java:1142)
	at java.util.concurrent.ThreadPoolExecutor$Worker.run(ThreadPoolExecutor.java:617)
	at java.lang.Thread.run(Thread.java:812)
]]>
            </full-stacktrace>
          </exception> <!-- org.openqa.selenium.WebDriverException -->
          <reporter-output>
          </reporter-output>
        </test-method> <!-- setUp -->
        <test-method status="SKIP" signature="DemoTest()[pri:0, instance:main.java.com.dbyl.appiumCore.tests.AppDemo@44a59da3]" name="DemoTest" duration-ms="1" started-at="2016-11-29T22:15:06Z" finished-at="2016-11-29T22:15:06Z">
          <reporter-output>
          </reporter-output>
        </test-method> <!-- DemoTest -->
        <test-method status="FAIL" signature="tearDown()[pri:0, instance:main.java.com.dbyl.appiumCore.tests.AppDemo@44a59da3]" name="tearDown" is-config="true" duration-ms="0" started-at="2016-11-29T22:15:06Z" finished-at="2016-11-29T22:15:06Z">
          <exception class="java.lang.NullPointerException">
            <message>
              <![CDATA[while trying to invoke the method io.appium.java_client.android.AndroidDriver.quit() of a null object loaded from static field main.java.com.dbyl.appiumCore.tests.AppDemo.driver]]>
            </message>
            <full-stacktrace>
              <![CDATA[java.lang.NullPointerException: while trying to invoke the method io.appium.java_client.android.AndroidDriver.quit() of a null object loaded from static field main.java.com.dbyl.appiumCore.tests.AppDemo.driver
	at main.java.com.dbyl.appiumCore.tests.AppDemo.tearDown(AppDemo.java:81)
	at sun.reflect.NativeMethodAccessorImpl.invoke0(Native Method)
	at sun.reflect.NativeMethodAccessorImpl.invoke(NativeMethodAccessorImpl.java:62)
	at sun.reflect.DelegatingMethodAccessorImpl.invoke(DelegatingMethodAccessorImpl.java:43)
	at java.lang.reflect.Method.invoke(Method.java:498)
	at org.testng.internal.MethodInvocationHelper.invokeMethod(MethodInvocationHelper.java:100)
	at org.testng.internal.Invoker.invokeConfigurationMethod(Invoker.java:515)
	at org.testng.internal.Invoker.invokeConfigurations(Invoker.java:216)
	at org.testng.internal.Invoker.invokeMethod(Invoker.java:712)
	at org.testng.internal.Invoker.invokeTestMethod(Invoker.java:811)
	at org.testng.internal.Invoker.invokeTestMethods(Invoker.java:1129)
	at org.testng.internal.TestMethodWorker.invokeTestMethods(TestMethodWorker.java:129)
	at org.testng.internal.TestMethodWorker.run(TestMethodWorker.java:112)
	at java.util.concurrent.ThreadPoolExecutor.runWorker(ThreadPoolExecutor.java:1142)
	at java.util.concurrent.ThreadPoolExecutor$Worker.run(ThreadPoolExecutor.java:617)
	at java.lang.Thread.run(Thread.java:812)
]]>
            </full-stacktrace>
          </exception> <!-- java.lang.NullPointerException -->
          <reporter-output>
          </reporter-output>
        </test-method> <!-- tearDown -->
      </class> <!-- main.java.com.dbyl.appiumCore.tests.AppDemo -->
      <class name="main.java.com.dbyl.appiumCore.tests.AppWebViewTest">
        <test-method status="PASS" signature="startAppiumServer()[pri:0, instance:main.java.com.dbyl.appiumCore.tests.AppWebViewTest@42a15bdc]" name="startAppiumServer" is-config="true" duration-ms="4803" started-at="2016-11-29T22:15:00Z" finished-at="2016-11-29T22:15:05Z">
          <reporter-output>
          </reporter-output>
        </test-method> <!-- startAppiumServer -->
        <test-method status="FAIL" signature="setUp()[pri:0, instance:main.java.com.dbyl.appiumCore.tests.AppWebViewTest@42a15bdc]" name="setUp" is-config="true" duration-ms="0" started-at="2016-11-29T22:15:05Z" finished-at="2016-11-29T22:15:05Z">
          <exception class="org.openqa.selenium.WebDriverException">
            <message>
              <![CDATA[An unknown server-side error occurred while processing the command. Original error: Could not find adb Please set the ANDROID_HOME environment variable with the Android SDK root directory path. (WARNING: The server did not provide any stacktrace information)
Command duration or timeout: 450 milliseconds
Build info: version: '2.53.1', revision: 'a36b8b1', time: '2016-06-30 17:37:03'
System info: host: 'Youngs-MacBook-Pro.local', ip: '192.168.1.101', os.name: 'Mac OS X', os.arch: 'x86_64', os.version: '10.12.1', java.version: '1.8.0_92'
Driver info: io.appium.java_client.android.AndroidDriver]]>
            </message>
            <full-stacktrace>
              <![CDATA[org.openqa.selenium.WebDriverException: An unknown server-side error occurred while processing the command. Original error: Could not find adb Please set the ANDROID_HOME environment variable with the Android SDK root directory path. (WARNING: The server did not provide any stacktrace information)
Command duration or timeout: 450 milliseconds
Build info: version: '2.53.1', revision: 'a36b8b1', time: '2016-06-30 17:37:03'
System info: host: 'Youngs-MacBook-Pro.local', ip: '192.168.1.101', os.name: 'Mac OS X', os.arch: 'x86_64', os.version: '10.12.1', java.version: '1.8.0_92'
Driver info: io.appium.java_client.android.AndroidDriver
	at sun.reflect.NativeConstructorAccessorImpl.newInstance0(Native Method)
	at sun.reflect.NativeConstructorAccessorImpl.newInstance(NativeConstructorAccessorImpl.java:62)
	at sun.reflect.DelegatingConstructorAccessorImpl.newInstance(DelegatingConstructorAccessorImpl.java:45)
	at java.lang.reflect.Constructor.newInstance(Constructor.java:423)
	at org.openqa.selenium.remote.ErrorHandler.createThrowable(ErrorHandler.java:206)
	at org.openqa.selenium.remote.ErrorHandler.throwIfResponseFailed(ErrorHandler.java:158)
	at org.openqa.selenium.remote.RemoteWebDriver.execute(RemoteWebDriver.java:678)
	at io.appium.java_client.DefaultGenericMobileDriver.execute(DefaultGenericMobileDriver.java:40)
	at io.appium.java_client.AppiumDriver.execute(AppiumDriver.java:1)
	at io.appium.java_client.android.AndroidDriver.execute(AndroidDriver.java:1)
	at org.openqa.selenium.remote.RemoteWebDriver.startSession(RemoteWebDriver.java:249)
	at org.openqa.selenium.remote.RemoteWebDriver.<init>(RemoteWebDriver.java:131)
	at org.openqa.selenium.remote.RemoteWebDriver.<init>(RemoteWebDriver.java:144)
	at io.appium.java_client.DefaultGenericMobileDriver.<init>(DefaultGenericMobileDriver.java:36)
	at io.appium.java_client.AppiumDriver.<init>(AppiumDriver.java:114)
	at io.appium.java_client.AppiumDriver.<init>(AppiumDriver.java:132)
	at io.appium.java_client.android.AndroidDriver.<init>(AndroidDriver.java:92)
	at main.java.com.dbyl.appiumCore.tests.AppWebViewTest.setUp(AppWebViewTest.java:67)
	at sun.reflect.NativeMethodAccessorImpl.invoke0(Native Method)
	at sun.reflect.NativeMethodAccessorImpl.invoke(NativeMethodAccessorImpl.java:62)
	at sun.reflect.DelegatingMethodAccessorImpl.invoke(DelegatingMethodAccessorImpl.java:43)
	at java.lang.reflect.Method.invoke(Method.java:498)
	at org.testng.internal.MethodInvocationHelper.invokeMethod(MethodInvocationHelper.java:100)
	at org.testng.internal.Invoker.invokeConfigurationMethod(Invoker.java:515)
	at org.testng.internal.Invoker.invokeConfigurations(Invoker.java:216)
	at org.testng.internal.Invoker.invokeMethod(Invoker.java:590)
	at org.testng.internal.Invoker.invokeTestMethod(Invoker.java:811)
	at org.testng.internal.Invoker.invokeTestMethods(Invoker.java:1129)
	at org.testng.internal.TestMethodWorker.invokeTestMethods(TestMethodWorker.java:129)
	at org.testng.internal.TestMethodWorker.run(TestMethodWorker.java:112)
	at java.util.concurrent.ThreadPoolExecutor.runWorker(ThreadPoolExecutor.java:1142)
	at java.util.concurrent.ThreadPoolExecutor$Worker.run(ThreadPoolExecutor.java:617)
	at java.lang.Thread.run(Thread.java:812)
]]>
            </full-stacktrace>
          </exception> <!-- org.openqa.selenium.WebDriverException -->
          <reporter-output>
          </reporter-output>
        </test-method> <!-- setUp -->
        <test-method status="SKIP" signature="webViewTest()[pri:0, instance:main.java.com.dbyl.appiumCore.tests.AppWebViewTest@42a15bdc]" name="webViewTest" duration-ms="1" started-at="2016-11-29T22:15:06Z" finished-at="2016-11-29T22:15:06Z">
          <reporter-output>
          </reporter-output>
        </test-method> <!-- webViewTest -->
        <test-method status="FAIL" signature="tearDown()[pri:0, instance:main.java.com.dbyl.appiumCore.tests.AppWebViewTest@42a15bdc]" name="tearDown" is-config="true" duration-ms="0" started-at="2016-11-29T22:15:06Z" finished-at="2016-11-29T22:15:06Z">
          <exception class="java.lang.NullPointerException">
            <message>
              <![CDATA[while trying to invoke the method io.appium.java_client.android.AndroidDriver.quit() of a null object loaded from field main.java.com.dbyl.appiumCore.tests.AppWebViewTest.driver of an object loaded from local variable 'this']]>
            </message>
            <full-stacktrace>
              <![CDATA[java.lang.NullPointerException: while trying to invoke the method io.appium.java_client.android.AndroidDriver.quit() of a null object loaded from field main.java.com.dbyl.appiumCore.tests.AppWebViewTest.driver of an object loaded from local variable 'this'
	at main.java.com.dbyl.appiumCore.tests.AppWebViewTest.tearDown(AppWebViewTest.java:140)
	at sun.reflect.NativeMethodAccessorImpl.invoke0(Native Method)
	at sun.reflect.NativeMethodAccessorImpl.invoke(NativeMethodAccessorImpl.java:62)
	at sun.reflect.DelegatingMethodAccessorImpl.invoke(DelegatingMethodAccessorImpl.java:43)
	at java.lang.reflect.Method.invoke(Method.java:498)
	at org.testng.internal.MethodInvocationHelper.invokeMethod(MethodInvocationHelper.java:100)
	at org.testng.internal.Invoker.invokeConfigurationMethod(Invoker.java:515)
	at org.testng.internal.Invoker.invokeConfigurations(Invoker.java:216)
	at org.testng.internal.Invoker.invokeMethod(Invoker.java:712)
	at org.testng.internal.Invoker.invokeTestMethod(Invoker.java:811)
	at org.testng.internal.Invoker.invokeTestMethods(Invoker.java:1129)
	at org.testng.internal.TestMethodWorker.invokeTestMethods(TestMethodWorker.java:129)
	at org.testng.internal.TestMethodWorker.run(TestMethodWorker.java:112)
	at java.util.concurrent.ThreadPoolExecutor.runWorker(ThreadPoolExecutor.java:1142)
	at java.util.concurrent.ThreadPoolExecutor$Worker.run(ThreadPoolExecutor.java:617)
	at java.lang.Thread.run(Thread.java:812)
]]>
            </full-stacktrace>
          </exception> <!-- java.lang.NullPointerException -->
          <reporter-output>
          </reporter-output>
        </test-method> <!-- tearDown -->
      </class> <!-- main.java.com.dbyl.appiumCore.tests.AppWebViewTest -->
    </test> <!-- TestDebug -->
  </suite> <!-- Suite -->
</testng-results>
