<?xml version="1.0" encoding="UTF-8"?>
<testng-results skipped="0" failed="0" total="1" passed="1">
  <reporter-output>
  </reporter-output>
  <suite name="Default suite" duration-ms="144884" started-at="2015-11-16T16:13:34Z" finished-at="2015-11-16T16:15:58Z">
    <groups>
    </groups>
    <test name="Default test" duration-ms="144884" started-at="2015-11-16T16:13:34Z" finished-at="2015-11-16T16:15:58Z">
      <class name="com.dbyl.core.iOSTest">
        <test-method status="PASS" signature="setUp()[pri:0, instance:com.dbyl.core.iOSTest@2f27f2bb]" name="setUp" is-config="true" duration-ms="108122" started-at="2015-11-16T08:13:34Z" finished-at="2015-11-16T08:15:22Z">
          <reporter-output>
          </reporter-output>
        </test-method> <!-- setUp -->
        <test-method status="PASS" signature="login()[pri:0, instance:com.dbyl.core.iOSTest@2f27f2bb]" name="login" duration-ms="32023" started-at="2015-11-16T08:15:22Z" finished-at="2015-11-16T08:15:54Z">
          <reporter-output>
          </reporter-output>
        </test-method> <!-- login -->
        <test-method status="PASS" signature="tearDown()[pri:0, instance:com.dbyl.core.iOSTest@2f27f2bb]" name="tearDown" is-config="true" duration-ms="4258" started-at="2015-11-16T08:15:54Z" finished-at="2015-11-16T08:15:58Z">
          <reporter-output>
          </reporter-output>
        </test-method> <!-- tearDown -->
      </class> <!-- com.dbyl.core.iOSTest -->
    </test> <!-- Default test -->
  </suite> <!-- Default suite -->
</testng-results>
