<?xml version="1.0" encoding="UTF-8"?>
<testng-results skipped="0" failed="0" total="1" passed="1">
  <reporter-output>
  </reporter-output>
  <suite name="Default suite" duration-ms="15952" started-at="2016-09-10T04:05:18Z" finished-at="2016-09-10T04:05:34Z">
    <groups>
    </groups>
    <test name="Default test" duration-ms="15952" started-at="2016-09-10T04:05:18Z" finished-at="2016-09-10T04:05:34Z">
      <class name="main.java.com.dbyl.appiumCore.tests.AppDemo">
        <test-method status="PASS" signature="startAppiumServer()[pri:0, instance:main.java.com.dbyl.appiumCore.tests.AppDemo@6ca8564a]" name="startAppiumServer" is-config="true" duration-ms="12" started-at="2016-09-10T12:05:18Z" finished-at="2016-09-10T12:05:18Z">
          <reporter-output>
          </reporter-output>
        </test-method> <!-- startAppiumServer -->
        <test-method status="PASS" signature="setUp()[pri:0, instance:main.java.com.dbyl.appiumCore.tests.AppDemo@6ca8564a]" name="setUp" is-config="true" duration-ms="12050" started-at="2016-09-10T12:05:18Z" depends-on-methods="main.java.com.dbyl.appiumCore.tests.AppDemo.startAppiumServer" finished-at="2016-09-10T12:05:30Z">
          <reporter-output>
          </reporter-output>
        </test-method> <!-- setUp -->
        <test-method status="PASS" signature="swipeTest()[pri:0, instance:main.java.com.dbyl.appiumCore.tests.AppDemo@6ca8564a]" name="swipeTest" duration-ms="2188" started-at="2016-09-10T12:05:30Z" finished-at="2016-09-10T12:05:33Z">
          <reporter-output>
          </reporter-output>
        </test-method> <!-- swipeTest -->
        <test-method status="PASS" signature="tearDown()[pri:0, instance:main.java.com.dbyl.appiumCore.tests.AppDemo@6ca8564a]" name="tearDown" is-config="true" duration-ms="1658" started-at="2016-09-10T12:05:33Z" finished-at="2016-09-10T12:05:34Z">
          <reporter-output>
          </reporter-output>
        </test-method> <!-- tearDown -->
      </class> <!-- main.java.com.dbyl.appiumCore.tests.AppDemo -->
    </test> <!-- Default test -->
  </suite> <!-- Default suite -->
</testng-results>
