<?xml version="1.0" encoding="UTF-8"?>
<testng-results skipped="0" failed="0" total="1" passed="1">
  <reporter-output>
  </reporter-output>
  <suite name="Default suite" duration-ms="9813" started-at="2016-09-09T17:18:05Z" finished-at="2016-09-09T17:18:15Z">
    <groups>
    </groups>
    <test name="Default test" duration-ms="9813" started-at="2016-09-09T17:18:05Z" finished-at="2016-09-09T17:18:15Z">
      <class name="main.java.com.dbyl.appiumCore.tests.AppDemo">
        <test-method status="PASS" signature="startAppiumServer()[pri:0, instance:main.java.com.dbyl.appiumCore.tests.AppDemo@3911c2a7]" name="startAppiumServer" is-config="true" duration-ms="11" started-at="2016-09-10T01:18:05Z" finished-at="2016-09-10T01:18:05Z">
          <reporter-output>
          </reporter-output>
        </test-method> <!-- startAppiumServer -->
        <test-method status="PASS" signature="setUp()[pri:0, instance:main.java.com.dbyl.appiumCore.tests.AppDemo@3911c2a7]" name="setUp" is-config="true" duration-ms="6287" started-at="2016-09-10T01:18:05Z" depends-on-methods="main.java.com.dbyl.appiumCore.tests.AppDemo.startAppiumServer" finished-at="2016-09-10T01:18:11Z">
          <reporter-output>
          </reporter-output>
        </test-method> <!-- setUp -->
        <test-method status="PASS" signature="swipeTest()[pri:0, instance:main.java.com.dbyl.appiumCore.tests.AppDemo@3911c2a7]" name="swipeTest" duration-ms="2222" started-at="2016-09-10T01:18:11Z" finished-at="2016-09-10T01:18:14Z">
          <reporter-output>
          </reporter-output>
        </test-method> <!-- swipeTest -->
        <test-method status="PASS" signature="tearDown()[pri:0, instance:main.java.com.dbyl.appiumCore.tests.AppDemo@3911c2a7]" name="tearDown" is-config="true" duration-ms="1264" started-at="2016-09-10T01:18:14Z" finished-at="2016-09-10T01:18:15Z">
          <reporter-output>
          </reporter-output>
        </test-method> <!-- tearDown -->
      </class> <!-- main.java.com.dbyl.appiumCore.tests.AppDemo -->
    </test> <!-- Default test -->
  </suite> <!-- Default suite -->
</testng-results>
