<?xml version="1.0" encoding="UTF-8"?>
<testng-results skipped="0" failed="0" total="1" passed="1">
  <reporter-output>
  </reporter-output>
  <suite name="Default suite" duration-ms="18701" started-at="2016-11-28T15:05:06Z" finished-at="2016-11-28T15:05:25Z">
    <groups>
      <group name="picker">
        <method signature="PickerTest.webViewTest()[pri:0, instance:main.java.com.dbyl.appiumCore.tests.PickerTest@723e88f9]" name="webViewTest" class="main.java.com.dbyl.appiumCore.tests.PickerTest"/>
      </group> <!-- picker -->
    </groups>
    <test name="Default test" duration-ms="18701" started-at="2016-11-28T15:05:06Z" finished-at="2016-11-28T15:05:25Z">
      <class name="main.java.com.dbyl.appiumCore.tests.PickerTest">
        <test-method status="PASS" signature="startAppiumServer()[pri:0, instance:main.java.com.dbyl.appiumCore.tests.PickerTest@723e88f9]" name="startAppiumServer" is-config="true" duration-ms="4192" started-at="2016-11-28T23:05:06Z" finished-at="2016-11-28T23:05:10Z">
          <reporter-output>
          </reporter-output>
        </test-method> <!-- startAppiumServer -->
        <test-method status="PASS" signature="setUp()[pri:0, instance:main.java.com.dbyl.appiumCore.tests.PickerTest@723e88f9]" name="setUp" is-config="true" duration-ms="6590" started-at="2016-11-28T23:05:10Z" finished-at="2016-11-28T23:05:17Z">
          <reporter-output>
          </reporter-output>
        </test-method> <!-- setUp -->
        <test-method status="PASS" signature="webViewTest()[pri:0, instance:main.java.com.dbyl.appiumCore.tests.PickerTest@723e88f9]" name="webViewTest" duration-ms="6015" started-at="2016-11-28T23:05:17Z" finished-at="2016-11-28T23:05:23Z">
          <reporter-output>
          </reporter-output>
        </test-method> <!-- webViewTest -->
        <test-method status="PASS" signature="tearDown()[pri:0, instance:main.java.com.dbyl.appiumCore.tests.PickerTest@723e88f9]" name="tearDown" is-config="true" duration-ms="1884" started-at="2016-11-28T23:05:23Z" finished-at="2016-11-28T23:05:25Z">
          <reporter-output>
          </reporter-output>
        </test-method> <!-- tearDown -->
      </class> <!-- main.java.com.dbyl.appiumCore.tests.PickerTest -->
    </test> <!-- Default test -->
  </suite> <!-- Default suite -->
</testng-results>
