<?xml version="1.0" encoding="UTF-8"?>
<testng-results skipped="0" failed="0" total="1" passed="1">
  <reporter-output>
  </reporter-output>
  <suite name="Default suite" duration-ms="131906" started-at="2016-11-15T13:04:42Z" finished-at="2016-11-15T13:06:54Z">
    <groups>
    </groups>
    <test name="Default test" duration-ms="131906" started-at="2016-11-15T13:04:42Z" finished-at="2016-11-15T13:06:54Z">
      <class name="main.java.com.dbyl.appiumCore.tests.iOSBrowser">
        <test-method status="PASS" signature="startAppiumServer()[pri:0, instance:main.java.com.dbyl.appiumCore.tests.iOSBrowser@78b66d36]" name="startAppiumServer" is-config="true" duration-ms="3111" started-at="2016-11-15T21:04:42Z" finished-at="2016-11-15T21:04:45Z">
          <reporter-output>
          </reporter-output>
        </test-method> <!-- startAppiumServer -->
        <test-method status="PASS" signature="setUpDriver()[pri:0, instance:main.java.com.dbyl.appiumCore.tests.iOSBrowser@78b66d36]" name="setUpDriver" is-config="true" duration-ms="110371" started-at="2016-11-15T21:04:45Z" finished-at="2016-11-15T21:06:35Z">
          <reporter-output>
          </reporter-output>
        </test-method> <!-- setUpDriver -->
        <test-method status="PASS" signature="iOSTest()[pri:0, instance:main.java.com.dbyl.appiumCore.tests.iOSBrowser@78b66d36]" name="iOSTest" duration-ms="5715" started-at="2016-11-15T21:06:35Z" finished-at="2016-11-15T21:06:41Z">
          <reporter-output>
          </reporter-output>
        </test-method> <!-- iOSTest -->
        <test-method status="PASS" signature="afterTest()[pri:0, instance:main.java.com.dbyl.appiumCore.tests.iOSBrowser@78b66d36]" name="afterTest" is-config="true" duration-ms="12658" started-at="2016-11-15T21:06:41Z" finished-at="2016-11-15T21:06:54Z">
          <reporter-output>
          </reporter-output>
        </test-method> <!-- afterTest -->
      </class> <!-- main.java.com.dbyl.appiumCore.tests.iOSBrowser -->
    </test> <!-- Default test -->
  </suite> <!-- Default suite -->
</testng-results>
