<?xml version="1.0" encoding="UTF-8"?>
<testng-results skipped="0" failed="0" total="1" passed="1">
  <reporter-output>
  </reporter-output>
  <suite name="Default suite" duration-ms="60454" started-at="2016-03-09T11:56:10Z" finished-at="2016-03-09T11:57:11Z">
    <groups>
    </groups>
    <test name="Default test" duration-ms="60454" started-at="2016-03-09T11:56:10Z" finished-at="2016-03-09T11:57:11Z">
      <class name="main.java.com.dbyl.appiumCore.tests.iOSTest">
        <test-method status="PASS" signature="beforeClass()[pri:0, instance:main.java.com.dbyl.appiumCore.tests.iOSTest@6f5fc793]" name="beforeClass" is-config="true" duration-ms="2755" started-at="2016-03-09T19:56:10Z" finished-at="2016-03-09T19:56:13Z">
          <reporter-output>
          </reporter-output>
        </test-method> <!-- beforeClass -->
        <test-method status="PASS" signature="setUp()[pri:0, instance:main.java.com.dbyl.appiumCore.tests.iOSTest@6f5fc793]" name="setUp" is-config="true" duration-ms="28361" started-at="2016-03-09T19:56:13Z" finished-at="2016-03-09T19:56:41Z">
          <reporter-output>
          </reporter-output>
        </test-method> <!-- setUp -->
        <test-method status="PASS" signature="calc()[pri:0, instance:main.java.com.dbyl.appiumCore.tests.iOSTest@6f5fc793]" name="calc" duration-ms="16839" started-at="2016-03-09T19:56:41Z" finished-at="2016-03-09T19:56:58Z">
          <reporter-output>
          </reporter-output>
        </test-method> <!-- calc -->
        <test-method status="PASS" signature="tearDown()[pri:0, instance:main.java.com.dbyl.appiumCore.tests.iOSTest@6f5fc793]" name="tearDown" is-config="true" duration-ms="12487" started-at="2016-03-09T19:56:58Z" finished-at="2016-03-09T19:57:11Z">
          <reporter-output>
          </reporter-output>
        </test-method> <!-- tearDown -->
      </class> <!-- main.java.com.dbyl.appiumCore.tests.iOSTest -->
    </test> <!-- Default test -->
  </suite> <!-- Default suite -->
</testng-results>
