<?xml version="1.0" encoding="UTF-8"?>
<testng-results skipped="0" failed="0" total="1" passed="1">
  <reporter-output>
  </reporter-output>
  <suite name="Default suite" duration-ms="123390" started-at="2016-11-23T13:07:36Z" finished-at="2016-11-23T13:09:39Z">
    <groups>
    </groups>
    <test name="Default test" duration-ms="123390" started-at="2016-11-23T13:07:36Z" finished-at="2016-11-23T13:09:39Z">
      <class name="main.java.com.dbyl.appiumCore.tests.iOSTest">
        <test-method status="PASS" signature="beforeClass()[pri:0, instance:main.java.com.dbyl.appiumCore.tests.iOSTest@1700915]" name="beforeClass" is-config="true" duration-ms="3673" started-at="2016-11-23T21:07:36Z" finished-at="2016-11-23T21:07:40Z">
          <reporter-output>
          </reporter-output>
        </test-method> <!-- beforeClass -->
        <test-method status="PASS" signature="setUp()[pri:0, instance:main.java.com.dbyl.appiumCore.tests.iOSTest@1700915]" name="setUp" is-config="true" duration-ms="98678" started-at="2016-11-23T21:07:40Z" finished-at="2016-11-23T21:09:18Z">
          <reporter-output>
          </reporter-output>
        </test-method> <!-- setUp -->
        <test-method status="PASS" signature="calc()[pri:0, instance:main.java.com.dbyl.appiumCore.tests.iOSTest@1700915]" name="calc" duration-ms="8517" started-at="2016-11-23T21:09:18Z" finished-at="2016-11-23T21:09:27Z">
          <reporter-output>
          </reporter-output>
        </test-method> <!-- calc -->
        <test-method status="PASS" signature="tearDown()[pri:0, instance:main.java.com.dbyl.appiumCore.tests.iOSTest@1700915]" name="tearDown" is-config="true" duration-ms="12496" started-at="2016-11-23T21:09:27Z" finished-at="2016-11-23T21:09:39Z">
          <reporter-output>
          </reporter-output>
        </test-method> <!-- tearDown -->
      </class> <!-- main.java.com.dbyl.appiumCore.tests.iOSTest -->
    </test> <!-- Default test -->
  </suite> <!-- Default suite -->
</testng-results>
