<?xml version="1.0" encoding="UTF-8"?>
<testng-results skipped="0" failed="0" total="1" passed="1">
  <reporter-output>
  </reporter-output>
  <suite name="Default suite" duration-ms="95580" started-at="2016-09-09T15:53:18Z" finished-at="2016-09-09T15:54:53Z">
    <groups>
    </groups>
    <test name="Default test" duration-ms="95580" started-at="2016-09-09T15:53:18Z" finished-at="2016-09-09T15:54:53Z">
      <class name="main.java.com.dbyl.appiumCore.tests.iOSTest">
        <test-method status="PASS" signature="beforeClass()[pri:0, instance:main.java.com.dbyl.appiumCore.tests.iOSTest@5c30a9b0]" name="beforeClass" is-config="true" duration-ms="13" started-at="2016-09-09T23:53:18Z" finished-at="2016-09-09T23:53:18Z">
          <reporter-output>
          </reporter-output>
        </test-method> <!-- beforeClass -->
        <test-method status="PASS" signature="setUp()[pri:0, instance:main.java.com.dbyl.appiumCore.tests.iOSTest@5c30a9b0]" name="setUp" is-config="true" duration-ms="66614" started-at="2016-09-09T23:53:18Z" finished-at="2016-09-09T23:54:24Z">
          <reporter-output>
          </reporter-output>
        </test-method> <!-- setUp -->
        <test-method status="PASS" signature="calc()[pri:0, instance:main.java.com.dbyl.appiumCore.tests.iOSTest@5c30a9b0]" name="calc" duration-ms="16675" started-at="2016-09-09T23:54:24Z" finished-at="2016-09-09T23:54:41Z">
          <reporter-output>
          </reporter-output>
        </test-method> <!-- calc -->
        <test-method status="PASS" signature="tearDown()[pri:0, instance:main.java.com.dbyl.appiumCore.tests.iOSTest@5c30a9b0]" name="tearDown" is-config="true" duration-ms="12252" started-at="2016-09-09T23:54:41Z" finished-at="2016-09-09T23:54:53Z">
          <reporter-output>
          </reporter-output>
        </test-method> <!-- tearDown -->
      </class> <!-- main.java.com.dbyl.appiumCore.tests.iOSTest -->
    </test> <!-- Default test -->
  </suite> <!-- Default suite -->
</testng-results>
