<?xml version="1.0" encoding="UTF-8"?>
<testng-results skipped="0" failed="0" total="1" passed="1">
  <reporter-output>
  </reporter-output>
  <suite name="Default suite" duration-ms="65379" started-at="2015-11-15T15:12:01Z" finished-at="2015-11-15T15:13:06Z">
    <groups>
    </groups>
    <test name="Default test" duration-ms="65379" started-at="2015-11-15T15:12:01Z" finished-at="2015-11-15T15:13:06Z">
      <class name="com.dbyl.core.iOSTest">
        <test-method status="PASS" signature="setUp()[pri:0, instance:com.dbyl.core.iOSTest@29d0eefb]" name="setUp" is-config="true" duration-ms="40357" started-at="2015-11-15T07:12:01Z" finished-at="2015-11-15T07:12:41Z">
          <reporter-output>
          </reporter-output>
        </test-method> <!-- setUp -->
        <test-method status="PASS" signature="login()[pri:0, instance:com.dbyl.core.iOSTest@29d0eefb]" name="login" duration-ms="23543" started-at="2015-11-15T07:12:41Z" finished-at="2015-11-15T07:13:04Z">
          <reporter-output>
          </reporter-output>
        </test-method> <!-- login -->
        <test-method status="PASS" signature="tearDown()[pri:0, instance:com.dbyl.core.iOSTest@29d0eefb]" name="tearDown" is-config="true" duration-ms="1266" started-at="2015-11-15T07:13:04Z" finished-at="2015-11-15T07:13:06Z">
          <reporter-output>
          </reporter-output>
        </test-method> <!-- tearDown -->
      </class> <!-- com.dbyl.core.iOSTest -->
    </test> <!-- Default test -->
  </suite> <!-- Default suite -->
</testng-results>
