<?xml version="1.0" encoding="UTF-8"?>
<testng-results skipped="0" failed="0" total="1" passed="1">
  <reporter-output>
  </reporter-output>
  <suite name="Default suite" duration-ms="9756" started-at="2016-08-13T09:50:22Z" finished-at="2016-08-13T09:50:32Z">
    <groups>
    </groups>
    <test name="Default test" duration-ms="9756" started-at="2016-08-13T09:50:22Z" finished-at="2016-08-13T09:50:32Z">
      <class name="main.java.com.dbyl.appiumCore.tests.AppDemo">
        <test-method status="PASS" signature="startAppiumServer()[pri:0, instance:main.java.com.dbyl.appiumCore.tests.AppDemo@41e36e46]" name="startAppiumServer" is-config="true" duration-ms="11" started-at="2016-08-13T17:50:22Z" finished-at="2016-08-13T17:50:22Z">
          <reporter-output>
          </reporter-output>
        </test-method> <!-- startAppiumServer -->
        <test-method status="PASS" signature="setUp()[pri:0, instance:main.java.com.dbyl.appiumCore.tests.AppDemo@41e36e46]" name="setUp" is-config="true" duration-ms="5757" started-at="2016-08-13T17:50:22Z" depends-on-methods="main.java.com.dbyl.appiumCore.tests.AppDemo.startAppiumServer" finished-at="2016-08-13T17:50:28Z">
          <reporter-output>
          </reporter-output>
        </test-method> <!-- setUp -->
        <test-method status="PASS" signature="swipeTest()[pri:0, instance:main.java.com.dbyl.appiumCore.tests.AppDemo@41e36e46]" name="swipeTest" duration-ms="2558" started-at="2016-08-13T17:50:28Z" finished-at="2016-08-13T17:50:30Z">
          <reporter-output>
          </reporter-output>
        </test-method> <!-- swipeTest -->
        <test-method status="PASS" signature="tearDown()[pri:0, instance:main.java.com.dbyl.appiumCore.tests.AppDemo@41e36e46]" name="tearDown" is-config="true" duration-ms="1410" started-at="2016-08-13T17:50:30Z" finished-at="2016-08-13T17:50:32Z">
          <reporter-output>
          </reporter-output>
        </test-method> <!-- tearDown -->
      </class> <!-- main.java.com.dbyl.appiumCore.tests.AppDemo -->
    </test> <!-- Default test -->
  </suite> <!-- Default suite -->
</testng-results>
