<?xml version="1.0" encoding="UTF-8"?>
<testng-results skipped="0" failed="0" total="1" passed="1">
  <reporter-output>
  </reporter-output>
  <suite name="Default suite" duration-ms="53205" started-at="2016-12-07T14:51:28Z" finished-at="2016-12-07T14:52:21Z">
    <groups>
    </groups>
    <test name="Default test" duration-ms="53205" started-at="2016-12-07T14:51:28Z" finished-at="2016-12-07T14:52:21Z">
      <class name="main.java.com.dbyl.appiumCore.tests.iOSBrowser">
        <test-method status="PASS" signature="startAppiumServer()[pri:0, instance:main.java.com.dbyl.appiumCore.tests.iOSBrowser@1d119efb]" name="startAppiumServer" is-config="true" duration-ms="3993" started-at="2016-12-07T22:51:28Z" finished-at="2016-12-07T22:51:32Z">
          <reporter-output>
          </reporter-output>
        </test-method> <!-- startAppiumServer -->
        <test-method status="PASS" signature="setUpDriver()[pri:0, instance:main.java.com.dbyl.appiumCore.tests.iOSBrowser@1d119efb]" name="setUpDriver" is-config="true" duration-ms="30654" started-at="2016-12-07T22:51:32Z" finished-at="2016-12-07T22:52:02Z">
          <reporter-output>
          </reporter-output>
        </test-method> <!-- setUpDriver -->
        <test-method status="PASS" signature="iOSTest()[pri:0, instance:main.java.com.dbyl.appiumCore.tests.iOSBrowser@1d119efb]" name="iOSTest" duration-ms="5804" started-at="2016-12-07T22:52:02Z" finished-at="2016-12-07T22:52:08Z">
          <reporter-output>
          </reporter-output>
        </test-method> <!-- iOSTest -->
        <test-method status="PASS" signature="afterTest()[pri:0, instance:main.java.com.dbyl.appiumCore.tests.iOSBrowser@1d119efb]" name="afterTest" is-config="true" duration-ms="12732" started-at="2016-12-07T22:52:08Z" finished-at="2016-12-07T22:52:21Z">
          <reporter-output>
          </reporter-output>
        </test-method> <!-- afterTest -->
      </class> <!-- main.java.com.dbyl.appiumCore.tests.iOSBrowser -->
    </test> <!-- Default test -->
  </suite> <!-- Default suite -->
</testng-results>
